nohup: ignoring input
MixBEATS_ETTh2_96_24,96,6,2,2,64,0.148
MixBEATS_ETTh2_96_24,96,6,2,2,128,0.135
MixBEATS_ETTh2_96_24,96,6,2,2,256,0.387
MixBEATS_ETTh2_96_24,96,6,2,2,512,0.252
MixBEATS_ETTh2_96_24,96,6,2,4,64,0.089
MixBEATS_ETTh2_96_24,96,6,2,4,128,0.097
MixBEATS_ETTh2_96_24,96,6,2,4,256,0.084
MixBEATS_ETTh2_96_24,96,6,2,4,512,0.078
MixBEATS_ETTh2_96_24,96,6,2,8,64,0.080
MixBEATS_ETTh2_96_24,96,6,2,8,128,0.079
MixBEATS_ETTh2_96_24,96,6,2,8,256,0.077
MixBEATS_ETTh2_96_24,96,6,2,8,512,0.076
MixBEATS_ETTh2_96_24,96,6,3,2,64,0.169
MixBEATS_ETTh2_96_24,96,6,3,2,128,0.109
MixBEATS_ETTh2_96_24,96,6,3,2,256,0.098
MixBEATS_ETTh2_96_24,96,6,3,2,512,0.111
MixBEATS_ETTh2_96_24,96,6,3,4,64,0.088
MixBEATS_ETTh2_96_24,96,6,3,4,128,0.083
MixBEATS_ETTh2_96_24,96,6,3,4,256,0.081
MixBEATS_ETTh2_96_24,96,6,3,4,512,0.078
MixBEATS_ETTh2_96_24,96,6,3,8,64,0.081
MixBEATS_ETTh2_96_24,96,6,3,8,128,0.081
MixBEATS_ETTh2_96_24,96,6,3,8,256,0.079
MixBEATS_ETTh2_96_24,96,6,3,8,512,0.076
MixBEATS_ETTh2_96_24,96,6,6,2,64,0.105
MixBEATS_ETTh2_96_24,96,6,6,2,128,0.095
MixBEATS_ETTh2_96_24,96,6,6,2,256,0.098
MixBEATS_ETTh2_96_24,96,6,6,2,512,0.089
MixBEATS_ETTh2_96_24,96,6,6,4,64,0.090
MixBEATS_ETTh2_96_24,96,6,6,4,128,0.086
MixBEATS_ETTh2_96_24,96,6,6,4,256,0.088
MixBEATS_ETTh2_96_24,96,6,6,4,512,0.081
MixBEATS_ETTh2_96_24,96,6,6,8,64,0.083
MixBEATS_ETTh2_96_24,96,6,6,8,128,0.084
MixBEATS_ETTh2_96_24,96,6,6,8,256,0.080
MixBEATS_ETTh2_96_24,96,6,6,8,512,0.082
MixBEATS_ETTh2_96_24,96,12,2,2,64,0.508
MixBEATS_ETTh2_96_24,96,12,2,2,128,0.395
MixBEATS_ETTh2_96_24,96,12,2,2,256,0.267
MixBEATS_ETTh2_96_24,96,12,2,2,512,0.160
MixBEATS_ETTh2_96_24,96,12,2,4,64,0.097
MixBEATS_ETTh2_96_24,96,12,2,4,128,0.090
MixBEATS_ETTh2_96_24,96,12,2,4,256,0.087
MixBEATS_ETTh2_96_24,96,12,2,4,512,0.089
MixBEATS_ETTh2_96_24,96,12,2,8,64,0.083
MixBEATS_ETTh2_96_24,96,12,2,8,128,0.079
MixBEATS_ETTh2_96_24,96,12,2,8,256,0.076
MixBEATS_ETTh2_96_24,96,12,2,8,512,0.075
MixBEATS_ETTh2_96_24,96,12,3,2,64,0.121
MixBEATS_ETTh2_96_24,96,12,3,2,128,0.110
MixBEATS_ETTh2_96_24,96,12,3,2,256,0.102
MixBEATS_ETTh2_96_24,96,12,3,2,512,0.111
MixBEATS_ETTh2_96_24,96,12,3,4,64,0.091
MixBEATS_ETTh2_96_24,96,12,3,4,128,0.084
MixBEATS_ETTh2_96_24,96,12,3,4,256,0.081
MixBEATS_ETTh2_96_24,96,12,3,4,512,0.078
MixBEATS_ETTh2_96_24,96,12,3,8,64,0.082
MixBEATS_ETTh2_96_24,96,12,3,8,128,0.079
MixBEATS_ETTh2_96_24,96,12,3,8,256,0.078
MixBEATS_ETTh2_96_24,96,12,3,8,512,0.078
MixBEATS_ETTh2_96_24,96,12,6,2,64,0.101
MixBEATS_ETTh2_96_24,96,12,6,2,128,0.096
MixBEATS_ETTh2_96_24,96,12,6,2,256,0.090
MixBEATS_ETTh2_96_24,96,12,6,2,512,0.084
MixBEATS_ETTh2_96_24,96,12,6,4,64,0.092
MixBEATS_ETTh2_96_24,96,12,6,4,128,0.088
MixBEATS_ETTh2_96_24,96,12,6,4,256,0.085
MixBEATS_ETTh2_96_24,96,12,6,4,512,0.082
MixBEATS_ETTh2_96_24,96,12,6,8,64,0.087
MixBEATS_ETTh2_96_24,96,12,6,8,128,0.085
MixBEATS_ETTh2_96_24,96,12,6,8,256,0.080
MixBEATS_ETTh2_96_24,96,12,6,8,512,0.079
MixBEATS_ETTh2_96_24,96,24,2,2,64,0.155
MixBEATS_ETTh2_96_24,96,24,2,2,128,0.373
MixBEATS_ETTh2_96_24,96,24,2,2,256,0.189
MixBEATS_ETTh2_96_24,96,24,2,2,512,0.250
MixBEATS_ETTh2_96_24,96,24,2,4,64,0.099
MixBEATS_ETTh2_96_24,96,24,2,4,128,0.092
MixBEATS_ETTh2_96_24,96,24,2,4,256,0.083
MixBEATS_ETTh2_96_24,96,24,2,4,512,0.084
MixBEATS_ETTh2_96_24,96,24,2,8,64,0.080
MixBEATS_ETTh2_96_24,96,24,2,8,128,0.078
MixBEATS_ETTh2_96_24,96,24,2,8,256,0.077
MixBEATS_ETTh2_96_24,96,24,2,8,512,0.077
MixBEATS_ETTh2_96_24,96,24,3,2,64,0.107
MixBEATS_ETTh2_96_24,96,24,3,2,128,0.111
MixBEATS_ETTh2_96_24,96,24,3,2,256,0.109
MixBEATS_ETTh2_96_24,96,24,3,2,512,0.098
MixBEATS_ETTh2_96_24,96,24,3,4,64,0.090
MixBEATS_ETTh2_96_24,96,24,3,4,128,0.087
MixBEATS_ETTh2_96_24,96,24,3,4,256,0.082
MixBEATS_ETTh2_96_24,96,24,3,4,512,0.077
MixBEATS_ETTh2_96_24,96,24,3,8,64,0.080
MixBEATS_ETTh2_96_24,96,24,3,8,128,0.077
MixBEATS_ETTh2_96_24,96,24,3,8,256,0.079
MixBEATS_ETTh2_96_24,96,24,3,8,512,0.076
MixBEATS_ETTh2_96_24,96,24,6,2,64,0.101
MixBEATS_ETTh2_96_24,96,24,6,2,128,0.104
MixBEATS_ETTh2_96_24,96,24,6,2,256,0.094
MixBEATS_ETTh2_96_24,96,24,6,2,512,0.086
MixBEATS_ETTh2_96_24,96,24,6,4,64,0.094
MixBEATS_ETTh2_96_24,96,24,6,4,128,0.088
MixBEATS_ETTh2_96_24,96,24,6,4,256,0.083
MixBEATS_ETTh2_96_24,96,24,6,4,512,0.082
MixBEATS_ETTh2_96_24,96,24,6,8,64,0.083
MixBEATS_ETTh2_96_24,96,24,6,8,128,0.083
MixBEATS_ETTh2_96_24,96,24,6,8,256,0.079
MixBEATS_ETTh2_96_24,96,24,6,8,512,0.083
MixBEATS_ETTh2_96_24,96,48,2,2,64,0.133
MixBEATS_ETTh2_96_24,96,48,2,2,128,0.220
MixBEATS_ETTh2_96_24,96,48,2,2,256,0.196
MixBEATS_ETTh2_96_24,96,48,2,2,512,0.168
MixBEATS_ETTh2_96_24,96,48,2,4,64,0.099
MixBEATS_ETTh2_96_24,96,48,2,4,128,0.082
MixBEATS_ETTh2_96_24,96,48,2,4,256,0.080
MixBEATS_ETTh2_96_24,96,48,2,4,512,0.080
MixBEATS_ETTh2_96_24,96,48,2,8,64,0.081
MixBEATS_ETTh2_96_24,96,48,2,8,128,0.079
MixBEATS_ETTh2_96_24,96,48,2,8,256,0.077
MixBEATS_ETTh2_96_24,96,48,2,8,512,0.077
MixBEATS_ETTh2_96_24,96,48,3,2,64,0.116
MixBEATS_ETTh2_96_24,96,48,3,2,128,0.108
MixBEATS_ETTh2_96_24,96,48,3,2,256,0.113
MixBEATS_ETTh2_96_24,96,48,3,2,512,0.099
MixBEATS_ETTh2_96_24,96,48,3,4,64,0.091
MixBEATS_ETTh2_96_24,96,48,3,4,128,0.085
MixBEATS_ETTh2_96_24,96,48,3,4,256,0.079
MixBEATS_ETTh2_96_24,96,48,3,4,512,0.082
MixBEATS_ETTh2_96_24,96,48,3,8,64,0.080
MixBEATS_ETTh2_96_24,96,48,3,8,128,0.079
MixBEATS_ETTh2_96_24,96,48,3,8,256,0.077
MixBEATS_ETTh2_96_24,96,48,3,8,512,0.074
MixBEATS_ETTh2_96_24,96,48,6,2,64,0.107
MixBEATS_ETTh2_96_24,96,48,6,2,128,0.114
MixBEATS_ETTh2_96_24,96,48,6,2,256,0.091
MixBEATS_ETTh2_96_24,96,48,6,2,512,0.091
MixBEATS_ETTh2_96_24,96,48,6,4,64,0.105
MixBEATS_ETTh2_96_24,96,48,6,4,128,0.091
MixBEATS_ETTh2_96_24,96,48,6,4,256,0.091
MixBEATS_ETTh2_96_24,96,48,6,4,512,0.085
MixBEATS_ETTh2_96_24,96,48,6,8,64,0.084
MixBEATS_ETTh2_96_24,96,48,6,8,128,0.085
MixBEATS_ETTh2_96_24,96,48,6,8,256,0.087
MixBEATS_ETTh2_96_24,96,48,6,8,512,0.083
MixBEATS_ETTh2_96_24,168,6,2,2,64,0.272
MixBEATS_ETTh2_96_24,168,6,2,2,128,0.313
MixBEATS_ETTh2_96_24,168,6,2,2,256,0.281
MixBEATS_ETTh2_96_24,168,6,2,2,512,0.294
MixBEATS_ETTh2_96_24,168,6,2,4,64,0.087
MixBEATS_ETTh2_96_24,168,6,2,4,128,0.088
MixBEATS_ETTh2_96_24,168,6,2,4,256,0.083
MixBEATS_ETTh2_96_24,168,6,2,4,512,0.077
MixBEATS_ETTh2_96_24,168,6,2,8,64,0.082
MixBEATS_ETTh2_96_24,168,6,2,8,128,0.075
MixBEATS_ETTh2_96_24,168,6,2,8,256,0.075
MixBEATS_ETTh2_96_24,168,6,2,8,512,0.073
MixBEATS_ETTh2_96_24,168,6,3,2,64,0.110
MixBEATS_ETTh2_96_24,168,6,3,2,128,0.117
MixBEATS_ETTh2_96_24,168,6,3,2,256,0.107
MixBEATS_ETTh2_96_24,168,6,3,2,512,0.091
MixBEATS_ETTh2_96_24,168,6,3,4,64,0.085
MixBEATS_ETTh2_96_24,168,6,3,4,128,0.084
MixBEATS_ETTh2_96_24,168,6,3,4,256,0.080
MixBEATS_ETTh2_96_24,168,6,3,4,512,0.075
MixBEATS_ETTh2_96_24,168,6,3,8,64,0.077
MixBEATS_ETTh2_96_24,168,6,3,8,128,0.075
MixBEATS_ETTh2_96_24,168,6,3,8,256,0.074
MixBEATS_ETTh2_96_24,168,6,3,8,512,0.073
MixBEATS_ETTh2_96_24,168,6,6,2,64,0.099
MixBEATS_ETTh2_96_24,168,6,6,2,128,0.097
MixBEATS_ETTh2_96_24,168,6,6,2,256,0.087
MixBEATS_ETTh2_96_24,168,6,6,2,512,0.082
MixBEATS_ETTh2_96_24,168,6,6,4,64,0.088
MixBEATS_ETTh2_96_24,168,6,6,4,128,0.085
MixBEATS_ETTh2_96_24,168,6,6,4,256,0.084
MixBEATS_ETTh2_96_24,168,6,6,4,512,0.078
MixBEATS_ETTh2_96_24,168,6,6,8,64,0.085
MixBEATS_ETTh2_96_24,168,6,6,8,128,0.081
MixBEATS_ETTh2_96_24,168,6,6,8,256,0.079
MixBEATS_ETTh2_96_24,168,6,6,8,512,0.076
MixBEATS_ETTh2_96_24,168,12,2,2,64,0.402
MixBEATS_ETTh2_96_24,168,12,2,2,128,0.170
MixBEATS_ETTh2_96_24,168,12,2,2,256,0.126
MixBEATS_ETTh2_96_24,168,12,2,2,512,0.127
MixBEATS_ETTh2_96_24,168,12,2,4,64,0.091
MixBEATS_ETTh2_96_24,168,12,2,4,128,0.088
MixBEATS_ETTh2_96_24,168,12,2,4,256,0.083
MixBEATS_ETTh2_96_24,168,12,2,4,512,0.074
MixBEATS_ETTh2_96_24,168,12,2,8,64,0.076
MixBEATS_ETTh2_96_24,168,12,2,8,128,0.078
MixBEATS_ETTh2_96_24,168,12,2,8,256,0.075
MixBEATS_ETTh2_96_24,168,12,2,8,512,0.074
MixBEATS_ETTh2_96_24,168,12,3,2,64,0.106
MixBEATS_ETTh2_96_24,168,12,3,2,128,0.110
MixBEATS_ETTh2_96_24,168,12,3,2,256,0.134
MixBEATS_ETTh2_96_24,168,12,3,2,512,0.105
MixBEATS_ETTh2_96_24,168,12,3,4,64,0.089
MixBEATS_ETTh2_96_24,168,12,3,4,128,0.082
MixBEATS_ETTh2_96_24,168,12,3,4,256,0.077
MixBEATS_ETTh2_96_24,168,12,3,4,512,0.075
MixBEATS_ETTh2_96_24,168,12,3,8,64,0.081
MixBEATS_ETTh2_96_24,168,12,3,8,128,0.078
MixBEATS_ETTh2_96_24,168,12,3,8,256,0.074
MixBEATS_ETTh2_96_24,168,12,3,8,512,0.074
MixBEATS_ETTh2_96_24,168,12,6,2,64,0.099
MixBEATS_ETTh2_96_24,168,12,6,2,128,0.096
MixBEATS_ETTh2_96_24,168,12,6,2,256,0.091
MixBEATS_ETTh2_96_24,168,12,6,2,512,0.081
MixBEATS_ETTh2_96_24,168,12,6,4,64,0.086
MixBEATS_ETTh2_96_24,168,12,6,4,128,0.089
MixBEATS_ETTh2_96_24,168,12,6,4,256,0.082
MixBEATS_ETTh2_96_24,168,12,6,4,512,0.078
MixBEATS_ETTh2_96_24,168,12,6,8,64,0.085
MixBEATS_ETTh2_96_24,168,12,6,8,128,0.084
MixBEATS_ETTh2_96_24,168,12,6,8,256,0.080
MixBEATS_ETTh2_96_24,168,12,6,8,512,0.076
MixBEATS_ETTh2_96_24,168,24,2,2,64,0.331
MixBEATS_ETTh2_96_24,168,24,2,2,128,0.189
MixBEATS_ETTh2_96_24,168,24,2,2,256,0.192
MixBEATS_ETTh2_96_24,168,24,2,2,512,0.157
MixBEATS_ETTh2_96_24,168,24,2,4,64,0.083
MixBEATS_ETTh2_96_24,168,24,2,4,128,0.084
MixBEATS_ETTh2_96_24,168,24,2,4,256,0.079
MixBEATS_ETTh2_96_24,168,24,2,4,512,0.077
MixBEATS_ETTh2_96_24,168,24,2,8,64,0.080
MixBEATS_ETTh2_96_24,168,24,2,8,128,0.077
MixBEATS_ETTh2_96_24,168,24,2,8,256,0.072
MixBEATS_ETTh2_96_24,168,24,2,8,512,0.072
MixBEATS_ETTh2_96_24,168,24,3,2,64,0.126
MixBEATS_ETTh2_96_24,168,24,3,2,128,0.115
MixBEATS_ETTh2_96_24,168,24,3,2,256,0.096
MixBEATS_ETTh2_96_24,168,24,3,2,512,0.091
MixBEATS_ETTh2_96_24,168,24,3,4,64,0.086
MixBEATS_ETTh2_96_24,168,24,3,4,128,0.081
MixBEATS_ETTh2_96_24,168,24,3,4,256,0.081
MixBEATS_ETTh2_96_24,168,24,3,4,512,0.076
MixBEATS_ETTh2_96_24,168,24,3,8,64,0.080
MixBEATS_ETTh2_96_24,168,24,3,8,128,0.078
MixBEATS_ETTh2_96_24,168,24,3,8,256,0.077
MixBEATS_ETTh2_96_24,168,24,3,8,512,0.075
MixBEATS_ETTh2_96_24,168,24,6,2,64,0.102
MixBEATS_ETTh2_96_24,168,24,6,2,128,0.096
MixBEATS_ETTh2_96_24,168,24,6,2,256,0.093
MixBEATS_ETTh2_96_24,168,24,6,2,512,0.081
MixBEATS_ETTh2_96_24,168,24,6,4,64,0.087
MixBEATS_ETTh2_96_24,168,24,6,4,128,0.088
MixBEATS_ETTh2_96_24,168,24,6,4,256,0.080
MixBEATS_ETTh2_96_24,168,24,6,4,512,0.081
MixBEATS_ETTh2_96_24,168,24,6,8,64,0.086
MixBEATS_ETTh2_96_24,168,24,6,8,128,0.083
MixBEATS_ETTh2_96_24,168,24,6,8,256,0.084
MixBEATS_ETTh2_96_24,168,24,6,8,512,0.077
Traceback (most recent call last):
  File "/home/user/energygpt/Mix-BEATS/Generic/exp.py", line 337, in <module>
    exp(args, model, criterion, optimizer, device, train_loader, val_loader, test_loader)
  File "/home/user/energygpt/Mix-BEATS/Generic/exp.py", line 83, in exp
    outputs = _run_model()
  File "/home/user/energygpt/Mix-BEATS/Generic/exp.py", line 74, in _run_model
    outputs = model(batch_x, batch_x_mark, dec_inp, batch_y_mark)
  File "/home/user/miniconda3/envs/IBMTS/lib/python3.10/site-packages/torch/nn/modules/module.py", line 1736, in _wrapped_call_impl
    return self._call_impl(*args, **kwargs)
  File "/home/user/miniconda3/envs/IBMTS/lib/python3.10/site-packages/torch/nn/modules/module.py", line 1747, in _call_impl
    return forward_call(*args, **kwargs)
  File "/home/user/energygpt/Mix-BEATS/Generic/models/MixBEATS.py", line 96, in forward
    backcast, forecast = self.short_forecast(backcast)
  File "/home/user/energygpt/Mix-BEATS/Generic/models/MixBEATS.py", line 86, in short_forecast
    backcast_block, forecast_block = block(backcast)
  File "/home/user/miniconda3/envs/IBMTS/lib/python3.10/site-packages/torch/nn/modules/module.py", line 1736, in _wrapped_call_impl
    return self._call_impl(*args, **kwargs)
  File "/home/user/miniconda3/envs/IBMTS/lib/python3.10/site-packages/torch/nn/modules/module.py", line 1747, in _call_impl
    return forward_call(*args, **kwargs)
  File "/home/user/energygpt/Mix-BEATS/Generic/models/MixBEATS.py", line 29, in forward
    x = self.TSMixer(x)
  File "/home/user/miniconda3/envs/IBMTS/lib/python3.10/site-packages/torch/nn/modules/module.py", line 1736, in _wrapped_call_impl
    return self._call_impl(*args, **kwargs)
  File "/home/user/miniconda3/envs/IBMTS/lib/python3.10/site-packages/torch/nn/modules/module.py", line 1747, in _call_impl
    return forward_call(*args, **kwargs)
  File "/home/user/energygpt/Mix-BEATS/Generic/layers/MLP_Mixer.py", line 29, in forward
    x = x.view(batch_size, self.num_patches, self.patch_size)
RuntimeError: shape '[32, 3, 48]' is invalid for input of size 5376
