nohup: ignoring input
MixBEATS_ETTh1_96_24,96,6,2,2,64,0.087
MixBEATS_ETTh1_96_24,96,6,2,2,128,0.113
MixBEATS_ETTh1_96_24,96,6,2,2,256,0.076
MixBEATS_ETTh1_96_24,96,6,2,2,512,0.285
MixBEATS_ETTh1_96_24,96,6,2,4,64,0.045
MixBEATS_ETTh1_96_24,96,6,2,4,128,0.044
MixBEATS_ETTh1_96_24,96,6,2,4,256,0.048
MixBEATS_ETTh1_96_24,96,6,2,4,512,0.046
MixBEATS_ETTh1_96_24,96,6,2,8,64,0.040
MixBEATS_ETTh1_96_24,96,6,2,8,128,0.042
MixBEATS_ETTh1_96_24,96,6,2,8,256,0.041
MixBEATS_ETTh1_96_24,96,6,2,8,512,0.047
MixBEATS_ETTh1_96_24,96,6,3,2,64,0.103
MixBEATS_ETTh1_96_24,96,6,3,2,128,0.050
MixBEATS_ETTh1_96_24,96,6,3,2,256,0.051
MixBEATS_ETTh1_96_24,96,6,3,2,512,0.053
MixBEATS_ETTh1_96_24,96,6,3,4,64,0.045
MixBEATS_ETTh1_96_24,96,6,3,4,128,0.042
MixBEATS_ETTh1_96_24,96,6,3,4,256,0.045
MixBEATS_ETTh1_96_24,96,6,3,4,512,0.045
MixBEATS_ETTh1_96_24,96,6,3,8,64,0.041
MixBEATS_ETTh1_96_24,96,6,3,8,128,0.043
MixBEATS_ETTh1_96_24,96,6,3,8,256,0.045
MixBEATS_ETTh1_96_24,96,6,3,8,512,0.045
MixBEATS_ETTh1_96_24,96,6,6,2,64,0.056
MixBEATS_ETTh1_96_24,96,6,6,2,128,0.050
MixBEATS_ETTh1_96_24,96,6,6,2,256,0.063
MixBEATS_ETTh1_96_24,96,6,6,2,512,0.055
MixBEATS_ETTh1_96_24,96,6,6,4,64,0.051
MixBEATS_ETTh1_96_24,96,6,6,4,128,0.049
MixBEATS_ETTh1_96_24,96,6,6,4,256,0.051
MixBEATS_ETTh1_96_24,96,6,6,4,512,0.043
MixBEATS_ETTh1_96_24,96,6,6,8,64,0.049
MixBEATS_ETTh1_96_24,96,6,6,8,128,0.048
MixBEATS_ETTh1_96_24,96,6,6,8,256,0.049
MixBEATS_ETTh1_96_24,96,6,6,8,512,0.051
MixBEATS_ETTh1_96_24,96,12,2,2,64,0.124
MixBEATS_ETTh1_96_24,96,12,2,2,128,0.538
MixBEATS_ETTh1_96_24,96,12,2,2,256,0.242
MixBEATS_ETTh1_96_24,96,12,2,2,512,0.176
MixBEATS_ETTh1_96_24,96,12,2,4,64,0.042
MixBEATS_ETTh1_96_24,96,12,2,4,128,0.046
MixBEATS_ETTh1_96_24,96,12,2,4,256,0.042
MixBEATS_ETTh1_96_24,96,12,2,4,512,0.044
MixBEATS_ETTh1_96_24,96,12,2,8,64,0.044
MixBEATS_ETTh1_96_24,96,12,2,8,128,0.041
MixBEATS_ETTh1_96_24,96,12,2,8,256,0.042
MixBEATS_ETTh1_96_24,96,12,2,8,512,0.041
MixBEATS_ETTh1_96_24,96,12,3,2,64,0.062
MixBEATS_ETTh1_96_24,96,12,3,2,128,0.050
MixBEATS_ETTh1_96_24,96,12,3,2,256,0.053
MixBEATS_ETTh1_96_24,96,12,3,2,512,0.053
MixBEATS_ETTh1_96_24,96,12,3,4,64,0.045
MixBEATS_ETTh1_96_24,96,12,3,4,128,0.044
MixBEATS_ETTh1_96_24,96,12,3,4,256,0.041
MixBEATS_ETTh1_96_24,96,12,3,4,512,0.046
MixBEATS_ETTh1_96_24,96,12,3,8,64,0.046
MixBEATS_ETTh1_96_24,96,12,3,8,128,0.044
MixBEATS_ETTh1_96_24,96,12,3,8,256,0.041
MixBEATS_ETTh1_96_24,96,12,3,8,512,0.044
MixBEATS_ETTh1_96_24,96,12,6,2,64,0.057
MixBEATS_ETTh1_96_24,96,12,6,2,128,0.053
MixBEATS_ETTh1_96_24,96,12,6,2,256,0.053
MixBEATS_ETTh1_96_24,96,12,6,2,512,0.052
MixBEATS_ETTh1_96_24,96,12,6,4,64,0.059
MixBEATS_ETTh1_96_24,96,12,6,4,128,0.050
MixBEATS_ETTh1_96_24,96,12,6,4,256,0.050
MixBEATS_ETTh1_96_24,96,12,6,4,512,0.046
MixBEATS_ETTh1_96_24,96,12,6,8,64,0.047
MixBEATS_ETTh1_96_24,96,12,6,8,128,0.050
MixBEATS_ETTh1_96_24,96,12,6,8,256,0.050
MixBEATS_ETTh1_96_24,96,12,6,8,512,0.047
MixBEATS_ETTh1_96_24,96,24,2,2,64,0.212
MixBEATS_ETTh1_96_24,96,24,2,2,128,0.115
MixBEATS_ETTh1_96_24,96,24,2,2,256,0.313
MixBEATS_ETTh1_96_24,96,24,2,2,512,0.099
MixBEATS_ETTh1_96_24,96,24,2,4,64,0.046
MixBEATS_ETTh1_96_24,96,24,2,4,128,0.048
MixBEATS_ETTh1_96_24,96,24,2,4,256,0.047
MixBEATS_ETTh1_96_24,96,24,2,4,512,0.049
MixBEATS_ETTh1_96_24,96,24,2,8,64,0.042
MixBEATS_ETTh1_96_24,96,24,2,8,128,0.041
MixBEATS_ETTh1_96_24,96,24,2,8,256,0.044
MixBEATS_ETTh1_96_24,96,24,2,8,512,0.049
MixBEATS_ETTh1_96_24,96,24,3,2,64,0.056
MixBEATS_ETTh1_96_24,96,24,3,2,128,0.060
MixBEATS_ETTh1_96_24,96,24,3,2,256,0.076
MixBEATS_ETTh1_96_24,96,24,3,2,512,0.049
MixBEATS_ETTh1_96_24,96,24,3,4,64,0.045
MixBEATS_ETTh1_96_24,96,24,3,4,128,0.048
MixBEATS_ETTh1_96_24,96,24,3,4,256,0.048
MixBEATS_ETTh1_96_24,96,24,3,4,512,0.046
MixBEATS_ETTh1_96_24,96,24,3,8,64,0.047
MixBEATS_ETTh1_96_24,96,24,3,8,128,0.043
MixBEATS_ETTh1_96_24,96,24,3,8,256,0.044
MixBEATS_ETTh1_96_24,96,24,3,8,512,0.046
MixBEATS_ETTh1_96_24,96,24,6,2,64,0.061
MixBEATS_ETTh1_96_24,96,24,6,2,128,0.057
MixBEATS_ETTh1_96_24,96,24,6,2,256,0.051
MixBEATS_ETTh1_96_24,96,24,6,2,512,0.048
MixBEATS_ETTh1_96_24,96,24,6,4,64,0.061
MixBEATS_ETTh1_96_24,96,24,6,4,128,0.049
MixBEATS_ETTh1_96_24,96,24,6,4,256,0.051
MixBEATS_ETTh1_96_24,96,24,6,4,512,0.054
MixBEATS_ETTh1_96_24,96,24,6,8,64,0.049
MixBEATS_ETTh1_96_24,96,24,6,8,128,0.049
MixBEATS_ETTh1_96_24,96,24,6,8,256,0.056
MixBEATS_ETTh1_96_24,96,24,6,8,512,0.057
MixBEATS_ETTh1_96_24,96,48,2,2,64,0.116
MixBEATS_ETTh1_96_24,96,48,2,2,128,0.070
MixBEATS_ETTh1_96_24,96,48,2,2,256,0.430
MixBEATS_ETTh1_96_24,96,48,2,2,512,0.117
MixBEATS_ETTh1_96_24,96,48,2,4,64,0.045
MixBEATS_ETTh1_96_24,96,48,2,4,128,0.048
MixBEATS_ETTh1_96_24,96,48,2,4,256,0.044
MixBEATS_ETTh1_96_24,96,48,2,4,512,0.044
MixBEATS_ETTh1_96_24,96,48,2,8,64,0.041
MixBEATS_ETTh1_96_24,96,48,2,8,128,0.043
MixBEATS_ETTh1_96_24,96,48,2,8,256,0.042
MixBEATS_ETTh1_96_24,96,48,2,8,512,0.044
MixBEATS_ETTh1_96_24,96,48,3,2,64,0.056
MixBEATS_ETTh1_96_24,96,48,3,2,128,0.056
MixBEATS_ETTh1_96_24,96,48,3,2,256,0.056
MixBEATS_ETTh1_96_24,96,48,3,2,512,0.046
MixBEATS_ETTh1_96_24,96,48,3,4,64,0.049
MixBEATS_ETTh1_96_24,96,48,3,4,128,0.048
MixBEATS_ETTh1_96_24,96,48,3,4,256,0.046
MixBEATS_ETTh1_96_24,96,48,3,4,512,0.046
MixBEATS_ETTh1_96_24,96,48,3,8,64,0.043
MixBEATS_ETTh1_96_24,96,48,3,8,128,0.042
MixBEATS_ETTh1_96_24,96,48,3,8,256,0.042
MixBEATS_ETTh1_96_24,96,48,3,8,512,0.041
MixBEATS_ETTh1_96_24,96,48,6,2,64,0.054
MixBEATS_ETTh1_96_24,96,48,6,2,128,0.059
MixBEATS_ETTh1_96_24,96,48,6,2,256,0.048
MixBEATS_ETTh1_96_24,96,48,6,2,512,0.061
MixBEATS_ETTh1_96_24,96,48,6,4,64,0.055
MixBEATS_ETTh1_96_24,96,48,6,4,128,0.053
MixBEATS_ETTh1_96_24,96,48,6,4,256,0.052
MixBEATS_ETTh1_96_24,96,48,6,4,512,0.052
MixBEATS_ETTh1_96_24,96,48,6,8,64,0.050
MixBEATS_ETTh1_96_24,96,48,6,8,128,0.049
MixBEATS_ETTh1_96_24,96,48,6,8,256,0.048
MixBEATS_ETTh1_96_24,96,48,6,8,512,0.049
MixBEATS_ETTh1_96_24,168,6,2,2,64,0.238
MixBEATS_ETTh1_96_24,168,6,2,2,128,0.368
MixBEATS_ETTh1_96_24,168,6,2,2,256,0.140
MixBEATS_ETTh1_96_24,168,6,2,2,512,0.232
MixBEATS_ETTh1_96_24,168,6,2,4,64,0.042
MixBEATS_ETTh1_96_24,168,6,2,4,128,0.040
MixBEATS_ETTh1_96_24,168,6,2,4,256,0.041
MixBEATS_ETTh1_96_24,168,6,2,4,512,0.045
MixBEATS_ETTh1_96_24,168,6,2,8,64,0.040
MixBEATS_ETTh1_96_24,168,6,2,8,128,0.037
MixBEATS_ETTh1_96_24,168,6,2,8,256,0.039
MixBEATS_ETTh1_96_24,168,6,2,8,512,0.039
MixBEATS_ETTh1_96_24,168,6,3,2,64,0.055
MixBEATS_ETTh1_96_24,168,6,3,2,128,0.066
MixBEATS_ETTh1_96_24,168,6,3,2,256,0.045
MixBEATS_ETTh1_96_24,168,6,3,2,512,0.046
MixBEATS_ETTh1_96_24,168,6,3,4,64,0.040
MixBEATS_ETTh1_96_24,168,6,3,4,128,0.040
MixBEATS_ETTh1_96_24,168,6,3,4,256,0.042
MixBEATS_ETTh1_96_24,168,6,3,4,512,0.046
MixBEATS_ETTh1_96_24,168,6,3,8,64,0.041
MixBEATS_ETTh1_96_24,168,6,3,8,128,0.038
MixBEATS_ETTh1_96_24,168,6,3,8,256,0.039
MixBEATS_ETTh1_96_24,168,6,3,8,512,0.040
MixBEATS_ETTh1_96_24,168,6,6,2,64,0.057
MixBEATS_ETTh1_96_24,168,6,6,2,128,0.048
MixBEATS_ETTh1_96_24,168,6,6,2,256,0.047
MixBEATS_ETTh1_96_24,168,6,6,2,512,0.047
MixBEATS_ETTh1_96_24,168,6,6,4,64,0.044
MixBEATS_ETTh1_96_24,168,6,6,4,128,0.047
MixBEATS_ETTh1_96_24,168,6,6,4,256,0.048
MixBEATS_ETTh1_96_24,168,6,6,4,512,0.053
MixBEATS_ETTh1_96_24,168,6,6,8,64,0.044
MixBEATS_ETTh1_96_24,168,6,6,8,128,0.043
MixBEATS_ETTh1_96_24,168,6,6,8,256,0.045
MixBEATS_ETTh1_96_24,168,6,6,8,512,0.046
MixBEATS_ETTh1_96_24,168,12,2,2,64,0.351
MixBEATS_ETTh1_96_24,168,12,2,2,128,0.082
MixBEATS_ETTh1_96_24,168,12,2,2,256,0.132
MixBEATS_ETTh1_96_24,168,12,2,2,512,0.253
MixBEATS_ETTh1_96_24,168,12,2,4,64,0.041
MixBEATS_ETTh1_96_24,168,12,2,4,128,0.041
MixBEATS_ETTh1_96_24,168,12,2,4,256,0.043
MixBEATS_ETTh1_96_24,168,12,2,4,512,0.040
MixBEATS_ETTh1_96_24,168,12,2,8,64,0.039
MixBEATS_ETTh1_96_24,168,12,2,8,128,0.037
MixBEATS_ETTh1_96_24,168,12,2,8,256,0.036
MixBEATS_ETTh1_96_24,168,12,2,8,512,0.040
MixBEATS_ETTh1_96_24,168,12,3,2,64,0.065
MixBEATS_ETTh1_96_24,168,12,3,2,128,0.112
MixBEATS_ETTh1_96_24,168,12,3,2,256,0.118
MixBEATS_ETTh1_96_24,168,12,3,2,512,0.048
MixBEATS_ETTh1_96_24,168,12,3,4,64,0.041
MixBEATS_ETTh1_96_24,168,12,3,4,128,0.043
MixBEATS_ETTh1_96_24,168,12,3,4,256,0.039
MixBEATS_ETTh1_96_24,168,12,3,4,512,0.038
MixBEATS_ETTh1_96_24,168,12,3,8,64,0.041
MixBEATS_ETTh1_96_24,168,12,3,8,128,0.040
MixBEATS_ETTh1_96_24,168,12,3,8,256,0.041
MixBEATS_ETTh1_96_24,168,12,3,8,512,0.038
MixBEATS_ETTh1_96_24,168,12,6,2,64,0.052
MixBEATS_ETTh1_96_24,168,12,6,2,128,0.053
MixBEATS_ETTh1_96_24,168,12,6,2,256,0.047
MixBEATS_ETTh1_96_24,168,12,6,2,512,0.053
MixBEATS_ETTh1_96_24,168,12,6,4,64,0.047
MixBEATS_ETTh1_96_24,168,12,6,4,128,0.045
MixBEATS_ETTh1_96_24,168,12,6,4,256,0.043
MixBEATS_ETTh1_96_24,168,12,6,4,512,0.041
MixBEATS_ETTh1_96_24,168,12,6,8,64,0.046
MixBEATS_ETTh1_96_24,168,12,6,8,128,0.045
MixBEATS_ETTh1_96_24,168,12,6,8,256,0.045
MixBEATS_ETTh1_96_24,168,12,6,8,512,0.045
MixBEATS_ETTh1_96_24,168,24,2,2,64,0.146
MixBEATS_ETTh1_96_24,168,24,2,2,128,0.151
MixBEATS_ETTh1_96_24,168,24,2,2,256,0.191
MixBEATS_ETTh1_96_24,168,24,2,2,512,0.074
MixBEATS_ETTh1_96_24,168,24,2,4,64,0.041
MixBEATS_ETTh1_96_24,168,24,2,4,128,0.045
MixBEATS_ETTh1_96_24,168,24,2,4,256,0.041
MixBEATS_ETTh1_96_24,168,24,2,4,512,0.042
MixBEATS_ETTh1_96_24,168,24,2,8,64,0.042
MixBEATS_ETTh1_96_24,168,24,2,8,128,0.043
MixBEATS_ETTh1_96_24,168,24,2,8,256,0.039
MixBEATS_ETTh1_96_24,168,24,2,8,512,0.037
MixBEATS_ETTh1_96_24,168,24,3,2,64,0.058
MixBEATS_ETTh1_96_24,168,24,3,2,128,0.055
MixBEATS_ETTh1_96_24,168,24,3,2,256,0.066
MixBEATS_ETTh1_96_24,168,24,3,2,512,0.076
MixBEATS_ETTh1_96_24,168,24,3,4,64,0.043
MixBEATS_ETTh1_96_24,168,24,3,4,128,0.044
MixBEATS_ETTh1_96_24,168,24,3,4,256,0.039
MixBEATS_ETTh1_96_24,168,24,3,4,512,0.046
MixBEATS_ETTh1_96_24,168,24,3,8,64,0.040
MixBEATS_ETTh1_96_24,168,24,3,8,128,0.041
MixBEATS_ETTh1_96_24,168,24,3,8,256,0.039
MixBEATS_ETTh1_96_24,168,24,3,8,512,0.040
MixBEATS_ETTh1_96_24,168,24,6,2,64,0.058
MixBEATS_ETTh1_96_24,168,24,6,2,128,0.048
MixBEATS_ETTh1_96_24,168,24,6,2,256,0.046
MixBEATS_ETTh1_96_24,168,24,6,2,512,0.048
MixBEATS_ETTh1_96_24,168,24,6,4,64,0.049
MixBEATS_ETTh1_96_24,168,24,6,4,128,0.043
MixBEATS_ETTh1_96_24,168,24,6,4,256,0.048
MixBEATS_ETTh1_96_24,168,24,6,4,512,0.043
MixBEATS_ETTh1_96_24,168,24,6,8,64,0.044
MixBEATS_ETTh1_96_24,168,24,6,8,128,0.048
MixBEATS_ETTh1_96_24,168,24,6,8,256,0.043
MixBEATS_ETTh1_96_24,168,24,6,8,512,0.046
Traceback (most recent call last):
  File "/home/user/energygpt/Mix-BEATS/Generic/exp.py", line 337, in <module>
    exp(args, model, criterion, optimizer, device, train_loader, val_loader, test_loader)
  File "/home/user/energygpt/Mix-BEATS/Generic/exp.py", line 83, in exp
    outputs = _run_model()
  File "/home/user/energygpt/Mix-BEATS/Generic/exp.py", line 74, in _run_model
    outputs = model(batch_x, batch_x_mark, dec_inp, batch_y_mark)
  File "/home/user/miniconda3/envs/IBMTS/lib/python3.10/site-packages/torch/nn/modules/module.py", line 1736, in _wrapped_call_impl
    return self._call_impl(*args, **kwargs)
  File "/home/user/miniconda3/envs/IBMTS/lib/python3.10/site-packages/torch/nn/modules/module.py", line 1747, in _call_impl
    return forward_call(*args, **kwargs)
  File "/home/user/energygpt/Mix-BEATS/Generic/models/MixBEATS.py", line 96, in forward
    backcast, forecast = self.short_forecast(backcast)
  File "/home/user/energygpt/Mix-BEATS/Generic/models/MixBEATS.py", line 86, in short_forecast
    backcast_block, forecast_block = block(backcast)
  File "/home/user/miniconda3/envs/IBMTS/lib/python3.10/site-packages/torch/nn/modules/module.py", line 1736, in _wrapped_call_impl
    return self._call_impl(*args, **kwargs)
  File "/home/user/miniconda3/envs/IBMTS/lib/python3.10/site-packages/torch/nn/modules/module.py", line 1747, in _call_impl
    return forward_call(*args, **kwargs)
  File "/home/user/energygpt/Mix-BEATS/Generic/models/MixBEATS.py", line 29, in forward
    x = self.TSMixer(x)
  File "/home/user/miniconda3/envs/IBMTS/lib/python3.10/site-packages/torch/nn/modules/module.py", line 1736, in _wrapped_call_impl
    return self._call_impl(*args, **kwargs)
  File "/home/user/miniconda3/envs/IBMTS/lib/python3.10/site-packages/torch/nn/modules/module.py", line 1747, in _call_impl
    return forward_call(*args, **kwargs)
  File "/home/user/energygpt/Mix-BEATS/Generic/layers/MLP_Mixer.py", line 29, in forward
    x = x.view(batch_size, self.num_patches, self.patch_size)
RuntimeError: shape '[32, 3, 48]' is invalid for input of size 5376
