nohup: ignoring input
MixBEATS_ETTm2_96_24,96,6,2,2,64,0.028
MixBEATS_ETTm2_96_24,96,6,2,2,128,0.031
MixBEATS_ETTm2_96_24,96,6,2,2,256,0.034
MixBEATS_ETTm2_96_24,96,6,2,2,512,0.027
MixBEATS_ETTm2_96_24,96,6,2,4,64,0.024
MixBEATS_ETTm2_96_24,96,6,2,4,128,0.023
MixBEATS_ETTm2_96_24,96,6,2,4,256,0.021
MixBEATS_ETTm2_96_24,96,6,2,4,512,0.020
MixBEATS_ETTm2_96_24,96,6,2,8,64,0.023
MixBEATS_ETTm2_96_24,96,6,2,8,128,0.021
MixBEATS_ETTm2_96_24,96,6,2,8,256,0.021
MixBEATS_ETTm2_96_24,96,6,2,8,512,0.021
MixBEATS_ETTm2_96_24,96,6,3,2,64,0.030
MixBEATS_ETTm2_96_24,96,6,3,2,128,0.025
MixBEATS_ETTm2_96_24,96,6,3,2,256,0.025
MixBEATS_ETTm2_96_24,96,6,3,2,512,0.027
MixBEATS_ETTm2_96_24,96,6,3,4,64,0.023
MixBEATS_ETTm2_96_24,96,6,3,4,128,0.022
MixBEATS_ETTm2_96_24,96,6,3,4,256,0.022
MixBEATS_ETTm2_96_24,96,6,3,4,512,0.021
MixBEATS_ETTm2_96_24,96,6,3,8,64,0.022
MixBEATS_ETTm2_96_24,96,6,3,8,128,0.022
MixBEATS_ETTm2_96_24,96,6,3,8,256,0.022
MixBEATS_ETTm2_96_24,96,6,3,8,512,0.020
MixBEATS_ETTm2_96_24,96,6,6,2,64,0.025
MixBEATS_ETTm2_96_24,96,6,6,2,128,0.025
MixBEATS_ETTm2_96_24,96,6,6,2,256,0.022
MixBEATS_ETTm2_96_24,96,6,6,2,512,0.021
MixBEATS_ETTm2_96_24,96,6,6,4,64,0.024
MixBEATS_ETTm2_96_24,96,6,6,4,128,0.023
MixBEATS_ETTm2_96_24,96,6,6,4,256,0.022
MixBEATS_ETTm2_96_24,96,6,6,4,512,0.021
MixBEATS_ETTm2_96_24,96,6,6,8,64,0.023
MixBEATS_ETTm2_96_24,96,6,6,8,128,0.023
MixBEATS_ETTm2_96_24,96,6,6,8,256,0.021
MixBEATS_ETTm2_96_24,96,6,6,8,512,0.021
MixBEATS_ETTm2_96_24,96,12,2,2,64,0.036
MixBEATS_ETTm2_96_24,96,12,2,2,128,0.031
MixBEATS_ETTm2_96_24,96,12,2,2,256,0.028
MixBEATS_ETTm2_96_24,96,12,2,2,512,0.036
MixBEATS_ETTm2_96_24,96,12,2,4,64,0.026
MixBEATS_ETTm2_96_24,96,12,2,4,128,0.022
MixBEATS_ETTm2_96_24,96,12,2,4,256,0.022
MixBEATS_ETTm2_96_24,96,12,2,4,512,0.022
MixBEATS_ETTm2_96_24,96,12,2,8,64,0.024
MixBEATS_ETTm2_96_24,96,12,2,8,128,0.023
MixBEATS_ETTm2_96_24,96,12,2,8,256,0.022
MixBEATS_ETTm2_96_24,96,12,2,8,512,0.021
MixBEATS_ETTm2_96_24,96,12,3,2,64,0.027
MixBEATS_ETTm2_96_24,96,12,3,2,128,0.025
MixBEATS_ETTm2_96_24,96,12,3,2,256,0.027
MixBEATS_ETTm2_96_24,96,12,3,2,512,0.028
MixBEATS_ETTm2_96_24,96,12,3,4,64,0.023
MixBEATS_ETTm2_96_24,96,12,3,4,128,0.023
MixBEATS_ETTm2_96_24,96,12,3,4,256,0.022
MixBEATS_ETTm2_96_24,96,12,3,4,512,0.022
MixBEATS_ETTm2_96_24,96,12,3,8,64,0.023
MixBEATS_ETTm2_96_24,96,12,3,8,128,0.023
MixBEATS_ETTm2_96_24,96,12,3,8,256,0.021
MixBEATS_ETTm2_96_24,96,12,3,8,512,0.021
MixBEATS_ETTm2_96_24,96,12,6,2,64,0.027
MixBEATS_ETTm2_96_24,96,12,6,2,128,0.025
MixBEATS_ETTm2_96_24,96,12,6,2,256,0.024
MixBEATS_ETTm2_96_24,96,12,6,2,512,0.021
MixBEATS_ETTm2_96_24,96,12,6,4,64,0.024
MixBEATS_ETTm2_96_24,96,12,6,4,128,0.023
MixBEATS_ETTm2_96_24,96,12,6,4,256,0.021
MixBEATS_ETTm2_96_24,96,12,6,4,512,0.021
MixBEATS_ETTm2_96_24,96,12,6,8,64,0.023
MixBEATS_ETTm2_96_24,96,12,6,8,128,0.022
MixBEATS_ETTm2_96_24,96,12,6,8,256,0.023
MixBEATS_ETTm2_96_24,96,12,6,8,512,0.020
MixBEATS_ETTm2_96_24,96,24,2,2,64,0.038
MixBEATS_ETTm2_96_24,96,24,2,2,128,0.032
MixBEATS_ETTm2_96_24,96,24,2,2,256,0.039
MixBEATS_ETTm2_96_24,96,24,2,2,512,0.032
MixBEATS_ETTm2_96_24,96,24,2,4,64,0.025
MixBEATS_ETTm2_96_24,96,24,2,4,128,0.026
MixBEATS_ETTm2_96_24,96,24,2,4,256,0.022
MixBEATS_ETTm2_96_24,96,24,2,4,512,0.021
MixBEATS_ETTm2_96_24,96,24,2,8,64,0.024
MixBEATS_ETTm2_96_24,96,24,2,8,128,0.023
MixBEATS_ETTm2_96_24,96,24,2,8,256,0.021
MixBEATS_ETTm2_96_24,96,24,2,8,512,0.021
MixBEATS_ETTm2_96_24,96,24,3,2,64,0.029
MixBEATS_ETTm2_96_24,96,24,3,2,128,0.027
MixBEATS_ETTm2_96_24,96,24,3,2,256,0.025
MixBEATS_ETTm2_96_24,96,24,3,2,512,0.024
MixBEATS_ETTm2_96_24,96,24,3,4,64,0.026
MixBEATS_ETTm2_96_24,96,24,3,4,128,0.023
MixBEATS_ETTm2_96_24,96,24,3,4,256,0.022
MixBEATS_ETTm2_96_24,96,24,3,4,512,0.021
MixBEATS_ETTm2_96_24,96,24,3,8,64,0.025
MixBEATS_ETTm2_96_24,96,24,3,8,128,0.022
MixBEATS_ETTm2_96_24,96,24,3,8,256,0.021
MixBEATS_ETTm2_96_24,96,24,3,8,512,0.021
MixBEATS_ETTm2_96_24,96,24,6,2,64,0.025
MixBEATS_ETTm2_96_24,96,24,6,2,128,0.025
MixBEATS_ETTm2_96_24,96,24,6,2,256,0.023
MixBEATS_ETTm2_96_24,96,24,6,2,512,0.023
MixBEATS_ETTm2_96_24,96,24,6,4,64,0.026
MixBEATS_ETTm2_96_24,96,24,6,4,128,0.023
MixBEATS_ETTm2_96_24,96,24,6,4,256,0.022
MixBEATS_ETTm2_96_24,96,24,6,4,512,0.022
MixBEATS_ETTm2_96_24,96,24,6,8,64,0.023
MixBEATS_ETTm2_96_24,96,24,6,8,128,0.023
MixBEATS_ETTm2_96_24,96,24,6,8,256,0.022
MixBEATS_ETTm2_96_24,96,24,6,8,512,0.021
MixBEATS_ETTm2_96_24,96,48,2,2,64,0.034
MixBEATS_ETTm2_96_24,96,48,2,2,128,0.032
MixBEATS_ETTm2_96_24,96,48,2,2,256,0.031
MixBEATS_ETTm2_96_24,96,48,2,2,512,0.030
MixBEATS_ETTm2_96_24,96,48,2,4,64,0.024
MixBEATS_ETTm2_96_24,96,48,2,4,128,0.023
MixBEATS_ETTm2_96_24,96,48,2,4,256,0.022
MixBEATS_ETTm2_96_24,96,48,2,4,512,0.021
MixBEATS_ETTm2_96_24,96,48,2,8,64,0.023
MixBEATS_ETTm2_96_24,96,48,2,8,128,0.022
MixBEATS_ETTm2_96_24,96,48,2,8,256,0.021
MixBEATS_ETTm2_96_24,96,48,2,8,512,0.020
MixBEATS_ETTm2_96_24,96,48,3,2,64,0.026
MixBEATS_ETTm2_96_24,96,48,3,2,128,0.026
MixBEATS_ETTm2_96_24,96,48,3,2,256,0.028
MixBEATS_ETTm2_96_24,96,48,3,2,512,0.026
MixBEATS_ETTm2_96_24,96,48,3,4,64,0.024
MixBEATS_ETTm2_96_24,96,48,3,4,128,0.022
MixBEATS_ETTm2_96_24,96,48,3,4,256,0.022
MixBEATS_ETTm2_96_24,96,48,3,4,512,0.021
MixBEATS_ETTm2_96_24,96,48,3,8,64,0.022
MixBEATS_ETTm2_96_24,96,48,3,8,128,0.022
MixBEATS_ETTm2_96_24,96,48,3,8,256,0.020
MixBEATS_ETTm2_96_24,96,48,3,8,512,0.020
MixBEATS_ETTm2_96_24,96,48,6,2,64,0.026
MixBEATS_ETTm2_96_24,96,48,6,2,128,0.024
MixBEATS_ETTm2_96_24,96,48,6,2,256,0.025
MixBEATS_ETTm2_96_24,96,48,6,2,512,0.022
MixBEATS_ETTm2_96_24,96,48,6,4,64,0.025
MixBEATS_ETTm2_96_24,96,48,6,4,128,0.025
MixBEATS_ETTm2_96_24,96,48,6,4,256,0.022
MixBEATS_ETTm2_96_24,96,48,6,4,512,0.021
MixBEATS_ETTm2_96_24,96,48,6,8,64,0.024
MixBEATS_ETTm2_96_24,96,48,6,8,128,0.023
MixBEATS_ETTm2_96_24,96,48,6,8,256,0.022
MixBEATS_ETTm2_96_24,96,48,6,8,512,0.021
MixBEATS_ETTm2_96_24,168,6,2,2,64,0.028
MixBEATS_ETTm2_96_24,168,6,2,2,128,0.029
MixBEATS_ETTm2_96_24,168,6,2,2,256,0.023
MixBEATS_ETTm2_96_24,168,6,2,2,512,0.024
MixBEATS_ETTm2_96_24,168,6,2,4,64,0.023
MixBEATS_ETTm2_96_24,168,6,2,4,128,0.022
MixBEATS_ETTm2_96_24,168,6,2,4,256,0.020
MixBEATS_ETTm2_96_24,168,6,2,4,512,0.020
MixBEATS_ETTm2_96_24,168,6,2,8,64,0.022
MixBEATS_ETTm2_96_24,168,6,2,8,128,0.021
MixBEATS_ETTm2_96_24,168,6,2,8,256,0.020
MixBEATS_ETTm2_96_24,168,6,2,8,512,0.020
MixBEATS_ETTm2_96_24,168,6,3,2,64,0.025
MixBEATS_ETTm2_96_24,168,6,3,2,128,0.023
MixBEATS_ETTm2_96_24,168,6,3,2,256,0.024
MixBEATS_ETTm2_96_24,168,6,3,2,512,0.020
MixBEATS_ETTm2_96_24,168,6,3,4,64,0.023
MixBEATS_ETTm2_96_24,168,6,3,4,128,0.021
MixBEATS_ETTm2_96_24,168,6,3,4,256,0.020
MixBEATS_ETTm2_96_24,168,6,3,4,512,0.019
MixBEATS_ETTm2_96_24,168,6,3,8,64,0.022
MixBEATS_ETTm2_96_24,168,6,3,8,128,0.021
MixBEATS_ETTm2_96_24,168,6,3,8,256,0.020
MixBEATS_ETTm2_96_24,168,6,3,8,512,0.020
MixBEATS_ETTm2_96_24,168,6,6,2,64,0.022
MixBEATS_ETTm2_96_24,168,6,6,2,128,0.023
MixBEATS_ETTm2_96_24,168,6,6,2,256,0.021
MixBEATS_ETTm2_96_24,168,6,6,2,512,0.021
MixBEATS_ETTm2_96_24,168,6,6,4,64,0.023
MixBEATS_ETTm2_96_24,168,6,6,4,128,0.021
MixBEATS_ETTm2_96_24,168,6,6,4,256,0.021
MixBEATS_ETTm2_96_24,168,6,6,4,512,0.020
MixBEATS_ETTm2_96_24,168,6,6,8,64,0.022
MixBEATS_ETTm2_96_24,168,6,6,8,128,0.021
MixBEATS_ETTm2_96_24,168,6,6,8,256,0.021
MixBEATS_ETTm2_96_24,168,6,6,8,512,0.020
MixBEATS_ETTm2_96_24,168,12,2,2,64,0.027
MixBEATS_ETTm2_96_24,168,12,2,2,128,0.028
MixBEATS_ETTm2_96_24,168,12,2,2,256,0.029
MixBEATS_ETTm2_96_24,168,12,2,2,512,0.034
MixBEATS_ETTm2_96_24,168,12,2,4,64,0.023
MixBEATS_ETTm2_96_24,168,12,2,4,128,0.022
MixBEATS_ETTm2_96_24,168,12,2,4,256,0.022
MixBEATS_ETTm2_96_24,168,12,2,4,512,0.020
MixBEATS_ETTm2_96_24,168,12,2,8,64,0.022
MixBEATS_ETTm2_96_24,168,12,2,8,128,0.022
MixBEATS_ETTm2_96_24,168,12,2,8,256,0.020
MixBEATS_ETTm2_96_24,168,12,2,8,512,0.020
MixBEATS_ETTm2_96_24,168,12,3,2,64,0.026
MixBEATS_ETTm2_96_24,168,12,3,2,128,0.023
MixBEATS_ETTm2_96_24,168,12,3,2,256,0.023
MixBEATS_ETTm2_96_24,168,12,3,2,512,0.023
MixBEATS_ETTm2_96_24,168,12,3,4,64,0.023
MixBEATS_ETTm2_96_24,168,12,3,4,128,0.021
MixBEATS_ETTm2_96_24,168,12,3,4,256,0.021
MixBEATS_ETTm2_96_24,168,12,3,4,512,0.020
MixBEATS_ETTm2_96_24,168,12,3,8,64,0.022
MixBEATS_ETTm2_96_24,168,12,3,8,128,0.021
MixBEATS_ETTm2_96_24,168,12,3,8,256,0.021
MixBEATS_ETTm2_96_24,168,12,3,8,512,0.020
MixBEATS_ETTm2_96_24,168,12,6,2,64,0.024
MixBEATS_ETTm2_96_24,168,12,6,2,128,0.023
MixBEATS_ETTm2_96_24,168,12,6,2,256,0.022
MixBEATS_ETTm2_96_24,168,12,6,2,512,0.021
MixBEATS_ETTm2_96_24,168,12,6,4,64,0.022
MixBEATS_ETTm2_96_24,168,12,6,4,128,0.023
MixBEATS_ETTm2_96_24,168,12,6,4,256,0.021
MixBEATS_ETTm2_96_24,168,12,6,4,512,0.020
MixBEATS_ETTm2_96_24,168,12,6,8,64,0.023
MixBEATS_ETTm2_96_24,168,12,6,8,128,0.022
MixBEATS_ETTm2_96_24,168,12,6,8,256,0.020
MixBEATS_ETTm2_96_24,168,12,6,8,512,0.020
MixBEATS_ETTm2_96_24,168,24,2,2,64,0.029
MixBEATS_ETTm2_96_24,168,24,2,2,128,0.031
MixBEATS_ETTm2_96_24,168,24,2,2,256,0.034
MixBEATS_ETTm2_96_24,168,24,2,2,512,0.029
MixBEATS_ETTm2_96_24,168,24,2,4,64,0.025
MixBEATS_ETTm2_96_24,168,24,2,4,128,0.022
MixBEATS_ETTm2_96_24,168,24,2,4,256,0.022
MixBEATS_ETTm2_96_24,168,24,2,4,512,0.021
MixBEATS_ETTm2_96_24,168,24,2,8,64,0.022
MixBEATS_ETTm2_96_24,168,24,2,8,128,0.022
MixBEATS_ETTm2_96_24,168,24,2,8,256,0.020
MixBEATS_ETTm2_96_24,168,24,2,8,512,0.020
MixBEATS_ETTm2_96_24,168,24,3,2,64,0.027
MixBEATS_ETTm2_96_24,168,24,3,2,128,0.027
MixBEATS_ETTm2_96_24,168,24,3,2,256,0.023
MixBEATS_ETTm2_96_24,168,24,3,2,512,0.022
MixBEATS_ETTm2_96_24,168,24,3,4,64,0.024
MixBEATS_ETTm2_96_24,168,24,3,4,128,0.022
MixBEATS_ETTm2_96_24,168,24,3,4,256,0.021
MixBEATS_ETTm2_96_24,168,24,3,4,512,0.020
MixBEATS_ETTm2_96_24,168,24,3,8,64,0.022
MixBEATS_ETTm2_96_24,168,24,3,8,128,0.022
MixBEATS_ETTm2_96_24,168,24,3,8,256,0.021
MixBEATS_ETTm2_96_24,168,24,3,8,512,0.020
MixBEATS_ETTm2_96_24,168,24,6,2,64,0.025
MixBEATS_ETTm2_96_24,168,24,6,2,128,0.024
MixBEATS_ETTm2_96_24,168,24,6,2,256,0.023
MixBEATS_ETTm2_96_24,168,24,6,2,512,0.021
MixBEATS_ETTm2_96_24,168,24,6,4,64,0.024
MixBEATS_ETTm2_96_24,168,24,6,4,128,0.022
MixBEATS_ETTm2_96_24,168,24,6,4,256,0.022
MixBEATS_ETTm2_96_24,168,24,6,4,512,0.021
MixBEATS_ETTm2_96_24,168,24,6,8,64,0.022
MixBEATS_ETTm2_96_24,168,24,6,8,128,0.021
MixBEATS_ETTm2_96_24,168,24,6,8,256,0.021
MixBEATS_ETTm2_96_24,168,24,6,8,512,0.019
Traceback (most recent call last):
  File "/home/user/energygpt/Mix-BEATS/Generic/exp.py", line 337, in <module>
    exp(args, model, criterion, optimizer, device, train_loader, val_loader, test_loader)
  File "/home/user/energygpt/Mix-BEATS/Generic/exp.py", line 83, in exp
    outputs = _run_model()
  File "/home/user/energygpt/Mix-BEATS/Generic/exp.py", line 74, in _run_model
    outputs = model(batch_x, batch_x_mark, dec_inp, batch_y_mark)
  File "/home/user/miniconda3/envs/IBMTS/lib/python3.10/site-packages/torch/nn/modules/module.py", line 1736, in _wrapped_call_impl
    return self._call_impl(*args, **kwargs)
  File "/home/user/miniconda3/envs/IBMTS/lib/python3.10/site-packages/torch/nn/modules/module.py", line 1747, in _call_impl
    return forward_call(*args, **kwargs)
  File "/home/user/energygpt/Mix-BEATS/Generic/models/MixBEATS.py", line 96, in forward
    backcast, forecast = self.short_forecast(backcast)
  File "/home/user/energygpt/Mix-BEATS/Generic/models/MixBEATS.py", line 86, in short_forecast
    backcast_block, forecast_block = block(backcast)
  File "/home/user/miniconda3/envs/IBMTS/lib/python3.10/site-packages/torch/nn/modules/module.py", line 1736, in _wrapped_call_impl
    return self._call_impl(*args, **kwargs)
  File "/home/user/miniconda3/envs/IBMTS/lib/python3.10/site-packages/torch/nn/modules/module.py", line 1747, in _call_impl
    return forward_call(*args, **kwargs)
  File "/home/user/energygpt/Mix-BEATS/Generic/models/MixBEATS.py", line 29, in forward
    x = self.TSMixer(x)
  File "/home/user/miniconda3/envs/IBMTS/lib/python3.10/site-packages/torch/nn/modules/module.py", line 1736, in _wrapped_call_impl
    return self._call_impl(*args, **kwargs)
  File "/home/user/miniconda3/envs/IBMTS/lib/python3.10/site-packages/torch/nn/modules/module.py", line 1747, in _call_impl
    return forward_call(*args, **kwargs)
  File "/home/user/energygpt/Mix-BEATS/Generic/layers/MLP_Mixer.py", line 29, in forward
    x = x.view(batch_size, self.num_patches, self.patch_size)
RuntimeError: shape '[32, 3, 48]' is invalid for input of size 5376
